0 info it worked if it ends with ok
1 verbose cli [ 'C:\\Program Files (x86)\\nodejs\\node.exe',
1 verbose cli   'C:\\Program Files (x86)\\nodejs\\node_modules\\npm\\bin\\npm-cli.js',
1 verbose cli   'install' ]
2 info using npm@2.14.12
3 info using node@v4.2.4
4 verbose readDependencies loading dependencies from C:\Documents\Repos\pom-explorer\pom-explorer\pomexplorer-ui\package.json
5 warn package.json pomexplorer-ui@1.0.0 No repository field.
6 warn package.json pomexplorer-ui@1.0.0 No README data
7 warn package.json pomexplorer-ui@1.0.0 No license field.
8 verbose install where, deps [ 'C:\\Documents\\Repos\\pom-explorer\\pom-explorer\\pomexplorer-ui',
8 verbose install   [ 'tardigrade', 'browserify', 'typescript' ] ]
9 verbose install where, peers [ 'C:\\Documents\\Repos\\pom-explorer\\pom-explorer\\pomexplorer-ui',
9 verbose install   [] ]
10 verbose installManyTop reading for lifecycle C:\Documents\Repos\pom-explorer\pom-explorer\pomexplorer-ui\package.json
11 info preinstall pomexplorer-ui@1.0.0
12 verbose installManyTop reading scoped package data from C:\Documents\Repos\pom-explorer\pom-explorer\pomexplorer-ui\node_modules\browserify\package.json
13 verbose installManyTop reading scoped package data from C:\Documents\Repos\pom-explorer\pom-explorer\pomexplorer-ui\node_modules\tardigrade\package.json
14 verbose installManyTop reading scoped package data from C:\Documents\Repos\pom-explorer\pom-explorer\pomexplorer-ui\node_modules\typescript\package.json
15 verbose installManyTop reading scoped package data from C:\Documents\Repos\pom-explorer\pom-explorer\pomexplorer-ui\node_modules\uglify-js\package.json
16 info package.json tardigrade@1.0.0 No repository field.
17 info package.json tardigrade@1.0.0 No license field.
18 verbose readDependencies loading dependencies from C:\Documents\Repos\pom-explorer\pom-explorer\pomexplorer-ui\package.json
19 verbose targetResolver reading package data from C:\Documents\Repos\pom-explorer\pom-explorer\pomexplorer-ui\node_modules\browserify\package.json
20 verbose targetResolver reading package data from C:\Documents\Repos\pom-explorer\pom-explorer\pomexplorer-ui\node_modules\tardigrade\package.json
21 verbose targetResolver reading package data from C:\Documents\Repos\pom-explorer\pom-explorer\pomexplorer-ui\node_modules\typescript\package.json
22 verbose targetResolver reading package data from C:\Documents\Repos\pom-explorer\pom-explorer\pomexplorer-ui\node_modules\uglify-js\package.json
23 verbose targetResolver reading package data from C:\Documents\Repos\pom-explorer\pom-explorer\pomexplorer-ui\node_modules\.bin\browserify\package.json
24 verbose targetResolver reading package data from C:\Documents\Repos\pom-explorer\pom-explorer\pomexplorer-ui\node_modules\.bin\browserify.cmd\package.json
25 verbose targetResolver reading package data from C:\Documents\Repos\pom-explorer\pom-explorer\pomexplorer-ui\node_modules\.bin\tardigrade\package.json
26 verbose targetResolver reading package data from C:\Documents\Repos\pom-explorer\pom-explorer\pomexplorer-ui\node_modules\.bin\tardigrade.cmd\package.json
27 verbose targetResolver reading package data from C:\Documents\Repos\pom-explorer\pom-explorer\pomexplorer-ui\node_modules\.bin\tsc\package.json
28 verbose targetResolver reading package data from C:\Documents\Repos\pom-explorer\pom-explorer\pomexplorer-ui\node_modules\.bin\tsc.cmd\package.json
29 verbose targetResolver reading package data from C:\Documents\Repos\pom-explorer\pom-explorer\pomexplorer-ui\node_modules\.bin\tsserver\package.json
30 verbose targetResolver reading package data from C:\Documents\Repos\pom-explorer\pom-explorer\pomexplorer-ui\node_modules\.bin\tsserver.cmd\package.json
31 verbose targetResolver reading package data from C:\Documents\Repos\pom-explorer\pom-explorer\pomexplorer-ui\node_modules\.bin\uglifyjs\package.json
32 verbose targetResolver reading package data from C:\Documents\Repos\pom-explorer\pom-explorer\pomexplorer-ui\node_modules\.bin\uglifyjs.cmd\package.json
33 verbose already installed skipping typescript@^1.7.5 C:\Documents\Repos\pom-explorer\pom-explorer\pomexplorer-ui
34 verbose already installed skipping tardigrade@^1.1.0 C:\Documents\Repos\pom-explorer\pom-explorer\pomexplorer-ui
35 verbose already installed skipping browserify@^12.0.1 C:\Documents\Repos\pom-explorer\pom-explorer\pomexplorer-ui
36 silly install resolved []
37 info build C:\Documents\Repos\pom-explorer\pom-explorer\pomexplorer-ui
38 info linkStuff pomexplorer-ui@1.0.0
39 silly linkStuff pomexplorer-ui@1.0.0 has C:\Documents\Repos\pom-explorer\pom-explorer as its parent node_modules
40 verbose linkBins pomexplorer-ui@1.0.0
41 verbose linkMans pomexplorer-ui@1.0.0
42 verbose rebuildBundles pomexplorer-ui@1.0.0
43 verbose rebuildBundles [ '.bin', 'browserify', 'tardigrade', 'typescript', 'uglify-js' ]
44 verbose rebuild bundle C:\Documents\Repos\pom-explorer\pom-explorer\pomexplorer-ui\node_modules\uglify-js
45 info build C:\Documents\Repos\pom-explorer\pom-explorer\pomexplorer-ui\node_modules\uglify-js
46 info preinstall uglify-js@2.6.1
47 info linkStuff uglify-js@2.6.1
48 silly linkStuff uglify-js@2.6.1 has C:\Documents\Repos\pom-explorer\pom-explorer\pomexplorer-ui\node_modules as its parent node_modules
49 verbose linkBins uglify-js@2.6.1
50 verbose link bins [ { uglifyjs: 'bin/uglifyjs' },
50 verbose link bins   'C:\\Documents\\Repos\\pom-explorer\\pom-explorer\\pomexplorer-ui\\node_modules\\.bin',
50 verbose link bins   false ]
51 verbose linkMans uglify-js@2.6.1
52 verbose rebuildBundles uglify-js@2.6.1
53 verbose rebuildBundles [ 'async', 'source-map', 'uglify-to-browserify', 'yargs' ]
54 info install uglify-js@2.6.1
55 info postinstall uglify-js@2.6.1
56 info install pomexplorer-ui@1.0.0
57 info postinstall pomexplorer-ui@1.0.0
58 info prepublish pomexplorer-ui@1.0.0
59 verbose unsafe-perm in lifecycle true
60 info pomexplorer-ui@1.0.0 Failed to exec prepublish script
61 verbose stack Error: pomexplorer-ui@1.0.0 prepublish: `cd src/tardigrades/ && tardigrade . ../../node_modules/tardigrade/target && cd ../.. && tsc && browserify target/app.js > app-bundle.js`
61 verbose stack Exit status 2
61 verbose stack     at EventEmitter.<anonymous> (C:\Program Files (x86)\nodejs\node_modules\npm\lib\utils\lifecycle.js:214:16)
61 verbose stack     at emitTwo (events.js:87:13)
61 verbose stack     at EventEmitter.emit (events.js:172:7)
61 verbose stack     at ChildProcess.<anonymous> (C:\Program Files (x86)\nodejs\node_modules\npm\lib\utils\spawn.js:24:14)
61 verbose stack     at emitTwo (events.js:87:13)
61 verbose stack     at ChildProcess.emit (events.js:172:7)
61 verbose stack     at maybeClose (internal/child_process.js:818:16)
61 verbose stack     at Process.ChildProcess._handle.onexit (internal/child_process.js:211:5)
62 verbose pkgid pomexplorer-ui@1.0.0
63 verbose cwd C:\Documents\Repos\pom-explorer\pom-explorer\pomexplorer-ui
64 error Windows_NT 10.0.10586
65 error argv "C:\\Program Files (x86)\\nodejs\\node.exe" "C:\\Program Files (x86)\\nodejs\\node_modules\\npm\\bin\\npm-cli.js" "install"
66 error node v4.2.4
67 error npm  v2.14.12
68 error code ELIFECYCLE
69 error pomexplorer-ui@1.0.0 prepublish: `cd src/tardigrades/ && tardigrade . ../../node_modules/tardigrade/target && cd ../.. && tsc && browserify target/app.js > app-bundle.js`
69 error Exit status 2
70 error Failed at the pomexplorer-ui@1.0.0 prepublish script 'cd src/tardigrades/ && tardigrade . ../../node_modules/tardigrade/target && cd ../.. && tsc && browserify target/app.js > app-bundle.js'.
70 error This is most likely a problem with the pomexplorer-ui package,
70 error not with npm itself.
70 error Tell the author that this fails on your system:
70 error     cd src/tardigrades/ && tardigrade . ../../node_modules/tardigrade/target && cd ../.. && tsc && browserify target/app.js > app-bundle.js
70 error You can get their info via:
70 error     npm owner ls pomexplorer-ui
70 error There is likely additional logging output above.
71 verbose exit [ 1, true ]
